ITEM: TIMESTEP
0
ITEM: NUMBER OF ATOMS
480
ITEM: BOX BOUNDS xy xz yz pp pp pp
0.0000000000000000e+00 3.2690480949399998e+01 0.0000000000000000e+00
-1.6324541250000000e-05 1.5389965154000000e+01 0.0000000000000000e+00
0.0000000000000000e+00 1.0934705148600001e+01 -1.6324541250000000e-05
ITEM: ATOMS id type element x y z
260 3 O 6.81024 5.92816 7.66255
261 3 O 6.81107 5.66709 10.3961
263 3 O 1.36126 5.91182 7.67485
264 3 O 2.74488 7.69493 9.2223
268 3 O 4.08533 5.61948 10.4047
193 3 O 1.36318 2.04909 10.4087
198 3 O 4.08762 1.81173 2.20382
199 3 O 5.48302 3.84744 1.01397
200 6 O 0 3.84745 1.02405
204 3 O 6.81026 1.76671 2.19518
205 3 O 6.81107 2.02773 4.9287
206 3 O 8.13426 3.84742 3.3744
207 3 O 1.36126 1.78312 2.20748
208 3 O 1.36318 2.04915 4.9414
209 3 O 2.70353 3.84744 3.38547
216 3 O 4.08534 2.07537 4.93735
217 3 O 4.08761 1.81172 7.67118
218 3 O 5.48302 3.84743 6.48133
219 6 O 0 3.84746 6.49146
223 3 O 6.81025 1.7667 7.66254
224 3 O 6.81107 2.02775 10.396
225 3 O 8.13427 3.84742 8.84171
226 3 O 1.36126 1.7831 7.67485
227 3 O 2.70348 3.84744 8.85281
230 3 O 4.08533 2.07537 10.4047
231 3 O 1.36318 5.64575 10.4087
235 3 O 4.08761 5.88314 2.20381
236 3 O 5.41416 7.69493 0.648027
237 6 O 0 7.69495 0.652661
241 3 O 6.81025 5.92813 2.19518
242 3 O 6.81107 5.66712 4.92871
244 3 O 1.36128 5.91179 2.20747
245 3 O 1.36318 5.64574 4.94139
246 3 O 2.74487 7.69494 3.75494
253 3 O 4.08533 5.6195 4.93733
254 3 O 4.0876 5.88314 7.67117
255 3 O 5.41417 7.69492 6.11538
256 6 O 0 7.69495 6.11996
16 1 Sr 8.1718 3.84743 0.818441
17 1 Sr 2.72319 3.84745 0.837115
20 1 Sr 5.44907 3.84742 3.57078
21 4 Sr 0 3.84746 3.58111
23 1 Sr 8.17181 3.84742 6.28576
24 1 Sr 2.72319 3.84743 6.30446
27 1 Sr 5.44907 3.84741 9.03813
28 4 Sr 0 3.84743 9.04851
31 1 Sr 2.72459 7.69494 0.844717
34 1 Sr 5.44728 7.69491 3.56265
35 4 Sr 0 7.69495 3.57311
38 1 Sr 2.72459 7.69494 6.31206
41 1 Sr 5.44727 7.69491 9.03
42 4 Sr 0 7.69495 9.04049
98 2 Ti 5.44863 1.92242 0.832488
99 5 Ti 0 1.92064 0.842693
102 2 Ti 2.72433 1.92615 3.5738
105 2 Ti 5.44863 1.92241 6.29986
106 5 Ti 0 1.92065 6.31006
109 2 Ti 2.72432 1.92614 9.04117
112 2 Ti 5.44862 5.77245 0.832484
113 5 Ti 0 5.77426 0.842694
116 2 Ti 2.72432 5.76874 3.57381
119 2 Ti 5.44862 5.77245 6.29985
120 5 Ti 0 5.77425 6.31007
123 2 Ti 2.72432 5.76873 9.04117
257 3 O 12.26 5.91961 7.64228
258 3 O 12.2579 5.65976 10.3755
259 3 O 13.6403 7.69491 9.18902
262 3 O 8.21235 7.69491 9.20535
265 3 O 14.9838 5.63438 10.3714
267 3 O 9.53442 5.61465 10.3864
194 3 O 14.9826 1.79997 2.1703
196 3 O 9.53511 1.81961 2.18479
197 3 O 10.931 3.84743 0.995043
201 3 O 12.26 1.77519 2.17491
202 3 O 12.2579 2.03506 4.90816
203 3 O 13.6035 3.84742 3.35894
210 3 O 14.9838 2.06047 4.90403
211 3 O 14.9826 1.79992 7.63765
213 3 O 9.53441 2.08018 4.91906
214 3 O 9.5351 1.81957 7.65214
215 3 O 10.9309 3.84741 6.46235
220 3 O 12.26 1.77525 7.64227
221 3 O 12.2579 2.03506 10.3755
222 3 O 13.6036 3.84742 8.8263
228 3 O 14.9838 2.06043 10.3714
229 3 O 9.53442 2.0802 10.3864
232 3 O 14.9826 5.89486 2.17027
233 3 O 9.53513 5.8752 2.18483
234 3 O 10.8645 7.69492 0.631994
238 3 O 12.26 5.91967 2.17491
239 3 O 12.2579 5.65978 4.90817
240 3 O 13.6404 7.6949 3.72169
243 3 O 8.21234 7.69491 3.73795
247 3 O 14.9838 5.63436 4.90401
248 3 O 14.9826 5.89487 7.63763
250 3 O 9.53441 5.6147 4.91907
251 3 O 9.53513 5.87522 7.65218
252 3 O 10.8646 7.69492 6.09936
15 1 Sr 13.6211 3.84743 0.798837
19 1 Sr 10.8983 3.84745 3.54801
22 1 Sr 13.6211 3.84743 6.26619
26 1 Sr 10.8983 3.84743 9.01535
29 1 Sr 13.6222 7.69491 0.806315
30 1 Sr 8.17397 7.69491 0.825719
33 1 Sr 10.8971 7.6949 3.54071
36 1 Sr 13.6222 7.69489 6.27368
37 1 Sr 8.17397 7.6949 6.29305
40 1 Sr 10.8971 7.69489 9.00807
97 2 Ti 10.897 1.9253 0.810777
100 2 Ti 13.6212 1.92122 3.53647
101 2 Ti 8.17291 1.92352 3.55549
104 2 Ti 10.897 1.92529 6.27813
107 2 Ti 13.6212 1.92121 9.00383
108 2 Ti 8.17292 1.92352 9.02286
111 2 Ti 10.897 5.76956 0.810775
114 2 Ti 13.6212 5.77362 3.53646
115 2 Ti 8.1729 5.77131 3.55549
118 2 Ti 10.897 5.76955 6.27814
121 2 Ti 13.6212 5.77361 9.00383
122 2 Ti 8.1729 5.7713 9.02286
266 6 O 16.3452 7.69492 0.622885
153 2 Ti 21.7935 1.9253 0.810777
155 2 Ti 19.0693 1.92122 3.53647
385 3 O 20.4305 5.91967 2.17491
156 2 Ti 24.5176 1.92352 3.55549
386 3 O 20.4326 5.65978 4.90817
158 2 Ti 21.7935 1.92529 6.27813
387 3 O 19.0501 7.6949 3.72169
160 2 Ti 19.0693 1.92121 9.00383
390 3 O 24.4781 7.69491 3.73795
394 3 O 17.7067 5.63436 4.90401
395 3 O 17.7079 5.89487 7.63763
396 3 O 23.1561 5.6147 4.91907
397 3 O 23.1554 5.87522 7.65218
398 3 O 21.8259 7.69492 6.09936
161 2 Ti 24.5176 1.92352 9.02286
402 3 O 20.4305 5.91961 7.64228
163 2 Ti 21.7935 5.76956 0.810775
403 3 O 20.4326 5.65976 10.3755
165 2 Ti 19.0693 5.77362 3.53646
404 3 O 19.0502 7.69491 9.18902
166 2 Ti 24.5176 5.77131 3.55549
407 3 O 24.4781 7.69491 9.20535
168 2 Ti 21.7935 5.76955 6.27814
410 3 O 17.7067 5.63438 10.3714
170 2 Ti 19.0693 5.77361 9.00383
411 3 O 23.1561 5.61465 10.3864
171 2 Ti 24.5176 5.7713 9.02286
346 3 O 17.7079 1.79997 2.1703
195 6 O 16.3452 3.84743 0.985963
347 3 O 23.1554 1.81961 2.18479
212 6 O 16.3452 3.84741 6.45334
348 3 O 21.7595 3.84743 0.995043
351 3 O 20.4305 1.77519 2.17491
352 3 O 20.4326 2.03506 4.90816
353 3 O 19.087 3.84742 3.35894
360 3 O 17.7067 2.06047 4.90403
361 3 O 17.7079 1.79992 7.63765
362 3 O 23.1561 2.08018 4.91906
363 3 O 23.1554 1.81957 7.65214
364 3 O 21.7595 3.84741 6.46235
249 6 O 16.3452 7.69492 6.09021
368 3 O 20.4305 1.77525 7.64227
369 3 O 20.4326 2.03506 10.3755
370 3 O 19.0869 3.84742 8.8263
376 3 O 17.7067 2.06043 10.3714
377 3 O 23.1561 2.0802 10.3864
380 3 O 17.7079 5.89486 2.17027
381 3 O 23.1554 5.8752 2.18483
382 3 O 21.8259 7.69492 0.631994
18 4 Sr 16.3452 3.84741 3.53719
25 4 Sr 16.3452 3.8474 9.00454
32 4 Sr 16.3452 7.69493 3.52971
39 4 Sr 16.3452 7.69492 8.99706
67 1 Sr 19.0694 3.84743 0.798837
70 1 Sr 21.7922 3.84745 3.54801
72 1 Sr 19.0694 3.84743 6.26619
75 1 Sr 21.7922 3.84743 9.01535
77 1 Sr 19.0683 7.69491 0.806315
78 1 Sr 24.5165 7.69491 0.825719
80 1 Sr 21.7934 7.6949 3.54071
82 1 Sr 19.0683 7.69489 6.27368
83 1 Sr 24.5165 7.6949 6.29305
85 1 Sr 21.7934 7.69489 9.00807
103 5 Ti 16.3452 1.9264 6.26749
110 5 Ti 16.3452 1.92642 0.80013
117 5 Ti 16.3452 5.76844 6.26748
124 5 Ti 16.3452 5.76844 0.800124
154 2 Ti 27.2419 1.92242 0.832488
157 2 Ti 29.9662 1.92615 3.5738
388 3 O 25.8802 5.92813 2.19518
159 2 Ti 27.2419 1.92241 6.29986
389 3 O 25.8794 5.66712 4.92871
391 3 O 31.3292 5.91179 2.20747
392 3 O 31.3273 5.64574 4.94139
393 3 O 29.9456 7.69494 3.75494
399 3 O 28.6051 5.6195 4.93733
400 3 O 28.6029 5.88314 7.67117
401 3 O 27.2763 7.69492 6.11538
405 3 O 25.8802 5.92816 7.66255
162 2 Ti 29.9662 1.92614 9.04117
406 3 O 25.8794 5.66709 10.3961
164 2 Ti 27.2419 5.77245 0.832484
408 3 O 31.3292 5.91182 7.67485
167 2 Ti 29.9662 5.76874 3.57381
409 3 O 29.9456 7.69493 9.2223
169 2 Ti 27.2419 5.77245 6.29985
412 3 O 28.6051 5.61948 10.4047
172 2 Ti 29.9662 5.76873 9.04117
345 3 O 31.3273 2.04909 10.4087
349 3 O 28.6029 1.81173 2.20382
350 3 O 27.2075 3.84744 1.01397
354 3 O 25.8802 1.76671 2.19518
355 3 O 25.8794 2.02773 4.9287
356 3 O 24.5562 3.84742 3.3744
357 3 O 31.3292 1.78312 2.20748
358 3 O 31.3273 2.04915 4.9414
359 3 O 29.987 3.84744 3.38547
365 3 O 28.6051 2.07537 4.93735
366 3 O 28.6029 1.81172 7.67118
367 3 O 27.2075 3.84743 6.48133
371 3 O 25.8802 1.7667 7.66254
372 3 O 25.8794 2.02775 10.396
373 3 O 24.5562 3.84742 8.84171
374 3 O 31.3292 1.7831 7.67485
375 3 O 29.987 3.84744 8.85281
378 3 O 28.6051 2.07537 10.4047
379 3 O 31.3273 5.64575 10.4087
383 3 O 28.6029 5.88314 2.20381
384 3 O 27.2763 7.69493 0.648027
68 1 Sr 24.5187 3.84743 0.818441
69 1 Sr 29.9673 3.84745 0.837115
71 1 Sr 27.2414 3.84742 3.57078
73 1 Sr 24.5187 3.84742 6.28576
74 1 Sr 29.9673 3.84743 6.30446
76 1 Sr 27.2414 3.84741 9.03813
79 1 Sr 29.9659 7.69494 0.844717
81 1 Sr 27.2432 7.69491 3.56265
84 1 Sr 29.9659 7.69494 6.31206
86 1 Sr 27.2432 7.69491 9.03
269 3 O 1.36318 9.74407 10.4087
274 3 O 4.0876 9.50672 2.20381
275 3 O 5.483 11.5424 1.01397
276 6 O 0 11.5424 1.02408
280 3 O 6.81024 9.46171 2.19518
281 3 O 6.81108 9.72271 4.92871
130 2 Ti 2.72433 9.62114 3.57381
282 3 O 8.13426 11.5424 3.37437
133 2 Ti 5.44863 9.61739 6.29985
283 3 O 1.36126 9.47811 2.20748
134 5 Ti 0 9.61561 6.31006
284 3 O 1.36318 9.74412 4.94139
137 2 Ti 2.72433 9.62113 9.04118
285 3 O 2.70354 11.5424 3.38547
140 2 Ti 5.44862 13.4674 0.832488
292 3 O 4.08533 9.77035 4.93735
141 5 Ti 0 13.4692 0.842698
293 3 O 4.08761 9.50672 7.67118
144 2 Ti 2.72432 13.4637 3.5738
294 3 O 5.48302 11.5424 6.48132
147 2 Ti 5.44862 13.4674 6.29985
295 6 O 0 11.5424 6.49141
148 5 Ti 0 13.4692 6.31005
299 3 O 6.81025 9.46168 7.66255
151 2 Ti 2.72433 13.4637 9.04118
300 3 O 6.81108 9.72272 10.3961
301 3 O 8.13426 11.5424 8.84171
302 3 O 1.36126 9.47809 7.67483
303 3 O 2.70349 11.5424 8.85281
306 3 O 4.08533 9.77035 10.4047
307 3 O 1.36319 13.3407 10.4087
311 3 O 4.08759 13.5782 2.20379
312 3 O 5.41418 15.3899 0.648016
313 6 O 0 15.3899 0.652631
317 3 O 6.81025 13.6232 2.19519
318 3 O 6.81107 13.3621 4.9287
320 3 O 1.36125 13.6068 2.20749
321 3 O 1.36318 13.3407 4.94138
322 3 O 2.74485 15.3899 3.75495
329 3 O 4.08534 13.3145 4.93732
330 3 O 4.08761 13.5781 7.67117
331 3 O 5.41415 15.3899 6.11539
332 6 O 0 15.3899 6.11998
336 3 O 6.81025 13.6231 7.66254
337 3 O 6.81108 13.3621 10.3961
339 3 O 1.36126 13.6068 7.67482
340 3 O 2.74487 15.3899 9.22229
344 3 O 4.08534 13.3145 10.4047
3 1 Sr 2.72458 15.3899 0.844703
6 1 Sr 5.44728 15.3899 3.56266
7 4 Sr 0 15.3899 3.57312
10 1 Sr 2.72458 15.3899 6.31207
13 1 Sr 5.44729 15.3899 9.03001
14 4 Sr 0 15.3899 9.04046
44 1 Sr 8.17181 11.5424 0.818428
45 1 Sr 2.72318 11.5424 0.837122
48 1 Sr 5.44907 11.5424 3.57078
49 4 Sr 0 11.5424 3.58113
51 1 Sr 8.1718 11.5424 6.28576
52 1 Sr 2.72319 11.5424 6.30446
55 1 Sr 5.44907 11.5424 9.03812
56 4 Sr 0 11.5424 9.04845
126 2 Ti 5.44863 9.61741 0.832492
127 5 Ti 0 9.61563 0.8427
270 3 O 14.9826 9.49496 2.17029
272 3 O 9.53509 9.51459 2.18476
273 3 O 10.931 11.5424 0.995044
277 3 O 12.26 9.47017 2.17493
278 3 O 12.2579 9.73003 4.90818
279 3 O 13.6035 11.5424 3.35892
129 2 Ti 8.17291 9.61851 3.55548
286 3 O 14.9838 9.75547 4.90402
132 2 Ti 10.897 9.62027 6.27814
287 3 O 14.9826 9.49491 7.63764
135 2 Ti 13.6212 9.61619 9.00383
136 2 Ti 8.17291 9.6185 9.02286
139 2 Ti 10.897 13.4645 0.810775
289 3 O 9.53443 9.77517 4.91903
142 2 Ti 13.6212 13.4686 3.53647
290 3 O 9.53509 9.51455 7.65213
143 2 Ti 8.1729 13.4663 3.55549
291 3 O 10.9309 11.5424 6.46235
146 2 Ti 10.897 13.4645 6.27813
296 3 O 12.26 9.47023 7.64229
149 2 Ti 13.6212 13.4686 9.00383
297 3 O 12.2579 9.73004 10.3755
150 2 Ti 8.1729 13.4663 9.02286
298 3 O 13.6036 11.5424 8.82631
304 3 O 14.9838 9.75541 10.3714
305 3 O 9.53443 9.7752 10.3864
308 3 O 14.9826 13.5898 2.17028
309 3 O 9.53513 13.5702 2.18483
310 3 O 10.8646 15.3899 0.631992
314 3 O 12.26 13.6146 2.17491
315 3 O 12.2579 13.3548 4.90817
316 3 O 13.6403 15.3899 3.7217
319 3 O 8.21236 15.3899 3.73799
323 3 O 14.9838 13.3293 4.90402
324 3 O 14.9826 13.5899 7.63764
326 3 O 9.53442 13.3097 4.91907
327 3 O 9.53514 13.5702 7.65218
328 3 O 10.8646 15.3899 6.09936
333 3 O 12.26 13.6146 7.64227
334 3 O 12.2579 13.3547 10.3755
335 3 O 13.6403 15.3899 9.18902
338 3 O 8.21237 15.3899 9.20534
341 3 O 14.9838 13.3294 10.3714
343 3 O 9.53442 13.3096 10.3864
1 1 Sr 13.6222 15.3899 0.806313
2 1 Sr 8.17397 15.3899 0.825707
5 1 Sr 10.8971 15.3899 3.54072
8 1 Sr 13.6222 15.3899 6.27368
9 1 Sr 8.17397 15.3899 6.29307
12 1 Sr 10.8971 15.3899 9.00806
43 1 Sr 13.6211 11.5424 0.798842
47 1 Sr 10.8983 11.5424 3.54802
50 1 Sr 13.6211 11.5424 6.2662
54 1 Sr 10.8983 11.5424 9.01535
125 2 Ti 10.897 9.62028 0.810774
128 2 Ti 13.6212 9.6162 3.53647
271 6 O 16.3452 11.5424 0.985941
288 6 O 16.3452 11.5424 6.45336
131 5 Ti 16.3452 9.62139 6.26748
138 5 Ti 16.3452 9.62139 0.800128
414 3 O 17.7079 9.49496 2.17029
145 5 Ti 16.3452 13.4634 6.26749
415 3 O 23.1554 9.51459 2.18476
152 5 Ti 16.3452 13.4634 0.800125
416 3 O 21.7595 11.5424 0.995044
173 2 Ti 21.7935 9.62028 0.810774
175 2 Ti 19.0693 9.6162 3.53647
176 2 Ti 24.5176 9.61851 3.55548
178 2 Ti 21.7935 9.62027 6.27814
180 2 Ti 19.0693 9.61619 9.00383
181 2 Ti 24.5176 9.6185 9.02286
183 2 Ti 21.7935 13.4645 0.810775
419 3 O 20.4305 9.47017 2.17493
185 2 Ti 19.0693 13.4686 3.53647
420 3 O 20.4325 9.73003 4.90818
186 2 Ti 24.5176 13.4663 3.55549
421 3 O 19.087 11.5424 3.35892
188 2 Ti 21.7935 13.4645 6.27813
428 3 O 17.7067 9.75547 4.90402
190 2 Ti 19.0693 13.4686 9.00383
429 3 O 17.7079 9.49491 7.63764
191 2 Ti 24.5176 13.4663 9.02286
325 6 O 16.3452 15.3899 6.09021
430 3 O 23.156 9.77517 4.91903
342 6 O 16.3452 15.3899 0.622904
431 3 O 23.1554 9.51455 7.65213
432 3 O 21.7595 11.5424 6.46235
436 3 O 20.4305 9.47023 7.64229
437 3 O 20.4325 9.73004 10.3755
438 3 O 19.0869 11.5424 8.82631
444 3 O 17.7067 9.75541 10.3714
445 3 O 23.156 9.7752 10.3864
448 3 O 17.7079 13.5898 2.17028
449 3 O 23.1553 13.5702 2.18483
450 3 O 21.8259 15.3899 0.631992
453 3 O 20.4305 13.6146 2.17491
454 3 O 20.4326 13.3548 4.90817
455 3 O 19.0501 15.3899 3.7217
458 3 O 24.4781 15.3899 3.73799
462 3 O 17.7067 13.3293 4.90402
463 3 O 17.7079 13.5899 7.63764
464 3 O 23.1561 13.3097 4.91907
465 3 O 23.1553 13.5702 7.65218
466 3 O 21.8259 15.3899 6.09936
470 3 O 20.4305 13.6146 7.64227
471 3 O 20.4326 13.3547 10.3755
472 3 O 19.0502 15.3899 9.18902
475 3 O 24.4781 15.3899 9.20534
478 3 O 17.7067 13.3294 10.3714
479 3 O 23.1561 13.3096 10.3864
4 4 Sr 16.3452 15.3899 3.5297
11 4 Sr 16.3452 15.3899 8.99707
46 4 Sr 16.3452 11.5424 3.53718
53 4 Sr 16.3452 11.5424 9.00455
57 1 Sr 19.0683 15.3899 0.806313
58 1 Sr 24.5165 15.3899 0.825707
60 1 Sr 21.7933 15.3899 3.54072
62 1 Sr 19.0683 15.3899 6.27368
63 1 Sr 24.5165 15.3899 6.29307
65 1 Sr 21.7933 15.3899 9.00806
87 1 Sr 19.0694 11.5424 0.798842
90 1 Sr 21.7922 11.5424 3.54802
92 1 Sr 19.0694 11.5424 6.2662
95 1 Sr 21.7922 11.5424 9.01535
413 3 O 31.3273 9.74407 10.4087
174 2 Ti 27.2419 9.61741 0.832492
177 2 Ti 29.9662 9.62114 3.57381
179 2 Ti 27.2418 9.61739 6.29985
182 2 Ti 29.9662 9.62113 9.04118
184 2 Ti 27.2419 13.4674 0.832488
187 2 Ti 29.9662 13.4637 3.5738
189 2 Ti 27.2419 13.4674 6.29985
417 3 O 28.6029 9.50672 2.20381
192 2 Ti 29.9662 13.4637 9.04118
418 3 O 27.2075 11.5424 1.01397
422 3 O 25.8802 9.46171 2.19518
423 3 O 25.8794 9.72271 4.92871
424 3 O 24.5562 11.5424 3.37437
425 3 O 31.3292 9.47811 2.20748
426 3 O 31.3273 9.74412 4.94139
427 3 O 29.9869 11.5424 3.38547
433 3 O 28.6051 9.77035 4.93735
434 3 O 28.6029 9.50672 7.67118
435 3 O 27.2075 11.5424 6.48132
439 3 O 25.8802 9.46168 7.66255
440 3 O 25.8794 9.72272 10.3961
441 3 O 24.5562 11.5424 8.84171
442 3 O 31.3292 9.47809 7.67483
443 3 O 29.987 11.5424 8.85281
446 3 O 28.6051 9.77035 10.4047
447 3 O 31.3273 13.3407 10.4087
451 3 O 28.6029 13.5782 2.20379
452 3 O 27.2763 15.3899 0.648016
456 3 O 25.8802 13.6232 2.19519
457 3 O 25.8794 13.3621 4.9287
459 3 O 31.3292 13.6068 2.20749
460 3 O 31.3273 13.3407 4.94138
461 3 O 29.9456 15.3899 3.75495
467 3 O 28.6051 13.3145 4.93732
468 3 O 28.6029 13.5781 7.67117
469 3 O 27.2763 15.3899 6.11539
473 3 O 25.8802 13.6231 7.66254
474 3 O 25.8794 13.3621 10.3961
476 3 O 31.3292 13.6068 7.67482
477 3 O 29.9456 15.3899 9.22229
480 3 O 28.6051 13.3145 10.4047
59 1 Sr 29.9659 15.3899 0.844703
61 1 Sr 27.2432 15.3899 3.56266
64 1 Sr 29.9659 15.3899 6.31207
66 1 Sr 27.2432 15.3899 9.03001
88 1 Sr 24.5187 11.5424 0.818428
89 1 Sr 29.9673 11.5424 0.837122
91 1 Sr 27.2414 11.5424 3.57078
93 1 Sr 24.5187 11.5424 6.28576
94 1 Sr 29.9673 11.5424 6.30446
96 1 Sr 27.2414 11.5424 9.03812
ITEM: TIMESTEP
1
ITEM: NUMBER OF ATOMS
480
ITEM: BOX BOUNDS xy xz yz pp pp pp
8.7324260551383177e-04 3.2689607706794483e+01 0.0000000000000000e+00
3.9477989619281733e-04 1.5389554050434693e+01 0.0000000000000000e+00
2.9209268683673769e-04 1.0934413055913163e+01 -1.6323669113248199e-05
ITEM: ATOMS id type element x y z
260 3 O 6.8142 5.92712 7.66331
261 3 O 6.81447 5.6672 10.3927
263 3 O 1.35959 5.91348 7.67188
264 3 O 2.74743 7.6941 9.22343
268 3 O 4.08602 5.62027 10.4065
193 3 O 1.36309 2.05111 10.4066
198 3 O 4.08791 1.8123 2.20537
199 3 O 5.48304 3.85042 1.01127
200 6 O 0.000873243 3.84766 1.02429
204 3 O 6.81232 1.76587 2.19479
205 3 O 6.80928 2.02947 4.93131
206 3 O 8.13314 3.84634 3.37127
207 3 O 1.36169 1.78019 2.21121
208 3 O 1.36043 2.05064 4.94304
209 3 O 2.70471 3.8475 3.38225
216 3 O 4.0885 2.07413 4.93709
217 3 O 4.08532 1.80982 7.67064
218 3 O 5.48696 3.84611 6.48082
219 6 O 0.000873243 3.84766 6.4914
223 3 O 6.81215 1.76828 7.66561
224 3 O 6.81436 2.03013 10.3979
225 3 O 8.13256 3.84963 8.84009
226 3 O 1.35891 1.78261 7.6754
227 3 O 2.70165 3.84931 8.84984
230 3 O 4.08569 2.07411 10.403
231 3 O 1.36401 5.64935 10.4089
235 3 O 4.09165 5.88278 2.20452
236 3 O 5.41176 7.69294 0.647599
237 6 O 0.000873243 7.69495 0.652918
241 3 O 6.81231 5.92929 2.19384
242 3 O 6.8087 5.67042 4.93228
244 3 O 1.35844 5.909 2.20558
245 3 O 1.36082 5.64762 4.94172
246 3 O 2.74276 7.69484 3.75616
253 3 O 4.08502 5.62188 4.93404
254 3 O 4.08758 5.87959 7.66961
255 3 O 5.41175 7.69525 6.11576
256 6 O 0.000873243 7.69495 6.11993
16 1 Sr 8.172 3.84858 0.819705
17 1 Sr 2.72528 3.8483 0.836047
20 1 Sr 5.4488 3.84869 3.57189
21 4 Sr 0.000873243 3.84767 3.58121
23 1 Sr 8.17167 3.84708 6.28492
24 1 Sr 2.72335 3.84722 6.30549
27 1 Sr 5.45078 3.84765 9.03835
28 4 Sr 0.000873243 3.84764 9.04832
31 1 Sr 2.72509 7.69516 0.844202
34 1 Sr 5.44742 7.69522 3.56299
35 4 Sr 0.000873243 7.69495 3.57321
38 1 Sr 2.7259 7.69571 6.31093
41 1 Sr 5.4468 7.69461 9.02954
42 4 Sr 0.000873243 7.69495 9.0403
98 2 Ti 5.44997 1.92049 0.831343
99 5 Ti 0.000873243 1.92095 0.84294
102 2 Ti 2.72439 1.92636 3.57246
105 2 Ti 5.44869 1.92157 6.29887
106 5 Ti 0.000873243 1.92096 6.31002
109 2 Ti 2.72417 1.92625 9.04214
112 2 Ti 5.4492 5.77043 0.831704
113 5 Ti 0.000873243 5.77437 0.842941
116 2 Ti 2.72539 5.77071 3.57345
119 2 Ti 5.45134 5.77082 6.2998
120 5 Ti 0.000873243 5.77435 6.31002
123 2 Ti 2.72655 5.76834 9.03965
257 3 O 12.2615 5.9232 7.64453
258 3 O 12.2583 5.65871 10.3722
259 3 O 13.639 7.69497 9.18857
262 3 O 8.21177 7.69612 9.20444
265 3 O 14.9817 5.63231 10.3702
267 3 O 9.53525 5.61261 10.3862
194 3 O 14.9858 1.79916 2.17165
196 3 O 9.53493 1.82348 2.18797
197 3 O 10.9317 3.84793 0.995601
201 3 O 12.2631 1.77872 2.17312
202 3 O 12.2581 2.03586 4.90902
203 3 O 13.6048 3.84955 3.36256
210 3 O 14.9816 2.06232 4.90748
211 3 O 14.9818 1.80075 7.63505
213 3 O 9.53192 2.07889 4.91829
214 3 O 9.53214 1.82175 7.65094
215 3 O 10.9283 3.84763 6.46255
220 3 O 12.2589 1.77543 7.64453
221 3 O 12.2575 2.0352 10.3734
222 3 O 13.6009 3.84855 8.8229
228 3 O 14.9864 2.05954 10.371
229 3 O 9.53477 2.07675 10.3868
232 3 O 14.9797 5.89789 2.17151
233 3 O 9.53383 5.87207 2.18343
234 3 O 10.8633 7.69524 0.630589
238 3 O 12.2594 5.919 2.17394
239 3 O 12.2615 5.66201 4.90915
240 3 O 13.6421 7.69489 3.72075
243 3 O 8.20954 7.69763 3.73528
247 3 O 14.9828 5.63143 4.90713
248 3 O 14.9793 5.89129 7.63987
250 3 O 9.53825 5.61545 4.92048
251 3 O 9.53582 5.87835 7.65007
252 3 O 10.8662 7.69114 6.10192
15 1 Sr 13.6202 3.84707 0.799373
19 1 Sr 10.8994 3.84891 3.54966
22 1 Sr 13.6222 3.84659 6.26726
26 1 Sr 10.8978 3.84636 9.01634
29 1 Sr 13.6221 7.69621 0.806045
30 1 Sr 8.17384 7.69381 0.826704
33 1 Sr 10.8965 7.69543 3.53966
36 1 Sr 13.6218 7.69556 6.27228
37 1 Sr 8.17331 7.6959 6.29249
40 1 Sr 10.8963 7.69571 9.00761
97 2 Ti 10.8982 1.92617 0.81
100 2 Ti 13.6231 1.92131 3.53631
101 2 Ti 8.17193 1.92575 3.55358
104 2 Ti 10.8957 1.9257 6.28028
107 2 Ti 13.6203 1.91959 9.00463
108 2 Ti 8.17268 1.92372 9.02142
111 2 Ti 10.8992 5.76751 0.809499
114 2 Ti 13.6217 5.77431 3.53851
115 2 Ti 8.17273 5.77112 3.55626
118 2 Ti 10.8972 5.77177 6.27789
121 2 Ti 13.6235 5.77263 9.00333
122 2 Ti 8.17159 5.77285 9.02422
266 6 O 16.3452 7.69492 0.623143
153 2 Ti 21.7941 1.92696 0.810838
155 2 Ti 19.0678 1.91993 3.53605
385 3 O 20.428 5.91667 2.17491
156 2 Ti 24.5162 1.92413 3.55558
386 3 O 20.4357 5.66222 4.90966
158 2 Ti 21.7913 1.92739 6.27992
387 3 O 19.0526 7.69577 3.71906
160 2 Ti 19.0676 1.92037 9.00471
390 3 O 24.4809 7.6966 3.73648
394 3 O 17.7043 5.63585 4.90757
395 3 O 17.7077 5.89534 7.63976
396 3 O 23.1588 5.61723 4.91954
397 3 O 23.1546 5.87491 7.64867
398 3 O 21.8226 7.69295 6.0992
161 2 Ti 24.5182 1.92532 9.02191
402 3 O 20.4322 5.92051 7.64252
163 2 Ti 21.795 5.76743 0.812606
403 3 O 20.4348 5.65861 10.3742
165 2 Ti 19.0702 5.77519 3.53785
404 3 O 19.0531 7.69828 9.18708
166 2 Ti 24.5165 5.76952 3.55467
407 3 O 24.4761 7.69676 9.20648
168 2 Ti 21.7942 5.76948 6.28015
410 3 O 17.7061 5.6371 10.3713
170 2 Ti 19.0682 5.77539 9.00531
411 3 O 23.1551 5.61822 10.3877
171 2 Ti 24.5189 5.76954 9.02295
346 3 O 17.7046 1.80189 2.16677
195 6 O 16.3452 3.84763 0.986203
347 3 O 23.1556 1.81881 2.18402
212 6 O 16.3452 3.84762 6.45328
348 3 O 21.7574 3.8469 0.994565
351 3 O 20.4271 1.77607 2.1727
352 3 O 20.4319 2.03419 4.9114
353 3 O 19.0852 3.85 3.36007
360 3 O 17.7063 2.05803 4.90166
361 3 O 17.7067 1.7977 7.63516
362 3 O 23.1535 2.08115 4.92148
363 3 O 23.1514 1.81921 7.65238
364 3 O 21.759 3.84566 6.46107
249 6 O 16.3452 7.69492 6.09018
368 3 O 20.4269 1.77741 7.64354
369 3 O 20.4329 2.03551 10.3778
370 3 O 19.0902 3.84931 8.8261
376 3 O 17.707 2.05854 10.3705
377 3 O 23.1522 2.08353 10.3856
380 3 O 17.7065 5.89426 2.16864
381 3 O 23.1575 5.8722 2.18409
382 3 O 21.8274 7.69852 0.628708
18 4 Sr 16.3452 3.84761 3.53729
25 4 Sr 16.3452 3.8476 9.00435
32 4 Sr 16.3452 7.69493 3.52981
39 4 Sr 16.3452 7.69492 8.99687
67 1 Sr 19.0692 3.84679 0.79808
70 1 Sr 21.7909 3.84879 3.54782
72 1 Sr 19.0694 3.84819 6.26747
75 1 Sr 21.7907 3.84703 9.01569
77 1 Sr 19.0679 7.69508 0.805722
78 1 Sr 24.5164 7.69623 0.827097
80 1 Sr 21.7921 7.69403 3.53934
82 1 Sr 19.0668 7.69492 6.27368
83 1 Sr 24.5161 7.69445 6.2933
85 1 Sr 21.7938 7.6954 9.0084
103 5 Ti 16.3452 1.92671 6.26745
110 5 Ti 16.3452 1.92672 0.800379
117 5 Ti 16.3452 5.76854 6.26744
124 5 Ti 16.3452 5.76855 0.800374
154 2 Ti 27.2434 1.92391 0.83277
157 2 Ti 29.966 1.92523 3.57556
388 3 O 25.8768 5.92893 2.19256
159 2 Ti 27.2426 1.92162 6.29808
389 3 O 25.8801 5.66499 4.92785
391 3 O 31.3306 5.91134 2.21076
392 3 O 31.3281 5.6433 4.94163
393 3 O 29.9445 7.69277 3.75535
399 3 O 28.606 5.62136 4.93826
400 3 O 28.6035 5.88018 7.67212
401 3 O 27.2788 7.69553 6.11714
405 3 O 25.8804 5.92992 7.65898
162 2 Ti 29.9671 1.92585 9.04133
406 3 O 25.8764 5.67052 10.3984
164 2 Ti 27.2396 5.77184 0.834354
408 3 O 31.3273 5.91197 7.67776
167 2 Ti 29.9639 5.76824 3.57268
409 3 O 29.9466 7.69161 9.22197
169 2 Ti 27.2431 5.77057 6.29843
412 3 O 28.6053 5.61975 10.4055
172 2 Ti 29.9675 5.76951 9.04244
345 3 O 31.3291 2.05262 10.41
349 3 O 28.6028 1.81166 2.20504
350 3 O 27.2067 3.84699 1.01693
354 3 O 25.8787 1.76531 2.19778
355 3 O 25.8763 2.02876 4.93086
356 3 O 24.5561 3.84922 3.37175
357 3 O 31.3281 1.78188 2.21045
358 3 O 31.3276 2.05027 4.93945
359 3 O 29.9834 3.84501 3.38891
365 3 O 28.603 2.07465 4.93397
366 3 O 28.6052 1.81006 7.6691
367 3 O 27.2066 3.84832 6.48398
371 3 O 25.8767 1.76523 7.66152
372 3 O 25.8795 2.02513 10.3986
373 3 O 24.5586 3.84976 8.8381
374 3 O 31.3287 1.78212 7.6779
375 3 O 29.9889 3.84484 8.85371
378 3 O 28.6022 2.07665 10.4054
379 3 O 31.3239 5.64544 10.4091
383 3 O 28.6 5.88642 2.20359
384 3 O 27.2784 7.69425 0.644916
68 1 Sr 24.5189 3.84636 0.819405
69 1 Sr 29.9672 3.84612 0.838126
71 1 Sr 27.2403 3.84662 3.57087
73 1 Sr 24.5177 3.84632 6.28538
74 1 Sr 29.9655 3.84608 6.30573
76 1 Sr 27.2403 3.84884 9.03674
79 1 Sr 29.9665 7.69493 0.845101
81 1 Sr 27.244 7.69455 3.56186
84 1 Sr 29.9653 7.69533 6.3108
86 1 Sr 27.2418 7.69594 9.03091
269 3 O 1.36696 9.74141 10.4099
274 3 O 4.08551 9.50807 2.20453
275 3 O 5.48534 11.5408 1.01442
276 6 O 0.000873243 11.5422 1.02431
280 3 O 6.80757 9.46532 2.19524
281 3 O 6.81124 9.72548 4.92727
130 2 Ti 2.72337 9.62008 3.57544
282 3 O 8.13103 11.5441 3.37476
133 2 Ti 5.44859 9.61781 6.29887
283 3 O 1.36538 9.4784 2.20909
134 5 Ti 0.000873243 9.61551 6.31001
284 3 O 1.36401 9.7418 4.93954
137 2 Ti 2.72635 9.62269 9.04265
285 3 O 2.70399 11.5393 3.38532
140 2 Ti 5.44904 13.4687 0.831842
292 3 O 4.08354 9.77292 4.93604
141 5 Ti 0.000873243 13.4689 0.842945
293 3 O 4.08608 9.50443 7.67376
144 2 Ti 2.72431 13.4618 3.57256
294 3 O 5.48577 11.5396 6.47877
147 2 Ti 5.45013 13.4664 6.3012
295 6 O 0.000873243 11.5422 6.49136
148 5 Ti 0.000873243 13.4689 6.31001
299 3 O 6.81287 9.45857 7.66522
151 2 Ti 2.72387 13.4643 9.04058
300 3 O 6.80866 9.72084 10.3971
301 3 O 8.13156 11.5393 8.84048
302 3 O 1.35964 9.48036 7.67163
303 3 O 2.70434 11.5425 8.85025
306 3 O 4.08918 9.77083 10.406
307 3 O 1.3641 13.3428 10.4076
311 3 O 4.08838 13.5799 2.20165
312 3 O 5.4118 15.3921 0.649675
313 6 O 0.000873243 15.3895 0.652888
317 3 O 6.81171 13.6229 2.19757
318 3 O 6.81464 13.3585 4.92693
320 3 O 1.36389 13.6059 2.21137
321 3 O 1.36621 13.3373 4.94319
322 3 O 2.74564 15.3914 3.75414
329 3 O 4.08474 13.3178 4.93568
330 3 O 4.09023 13.5813 7.67317
331 3 O 5.4142 15.3873 6.11454
332 6 O 0.000873243 15.3895 6.11995
336 3 O 6.8073 13.6196 7.66003
337 3 O 6.80829 13.3631 10.3937
339 3 O 1.36294 13.6054 7.67282
340 3 O 2.74866 15.3874 9.21915
344 3 O 4.08909 13.3158 10.4081
3 1 Sr 2.72528 15.3908 0.844918
6 1 Sr 5.44856 15.3885 3.5618
7 4 Sr 0.000873243 15.3895 3.57322
10 1 Sr 2.72636 15.3903 6.31074
13 1 Sr 5.44715 15.388 9.02862
14 4 Sr 0.000873243 15.3895 9.04027
44 1 Sr 8.17262 11.5409 0.818691
45 1 Sr 2.72297 11.5434 0.838832
48 1 Sr 5.44888 11.5419 3.57219
49 4 Sr 0.000873243 11.5422 3.58123
51 1 Sr 8.17213 11.5437 6.28625
52 1 Sr 2.72294 11.5435 6.30359
55 1 Sr 5.45112 11.5436 9.0393
56 4 Sr 0.000873243 11.5422 9.04826
126 2 Ti 5.45083 9.619 0.833612
127 5 Ti 0.000873243 9.61553 0.842947
270 3 O 14.9797 9.49305 2.16728
272 3 O 9.5336 9.51504 2.18455
273 3 O 10.9283 11.5386 0.991766
277 3 O 12.2578 9.46626 2.17297
278 3 O 12.2598 9.73049 4.90931
279 3 O 13.6016 11.5452 3.36124
129 2 Ti 8.17271 9.61742 3.55406
286 3 O 14.9857 9.75369 4.90352
132 2 Ti 10.8985 9.62115 6.27876
287 3 O 14.9861 9.49603 7.63592
135 2 Ti 13.6207 9.61725 9.00182
136 2 Ti 8.1733 9.61714 9.0233
139 2 Ti 10.8983 13.4631 0.809144
289 3 O 9.53481 9.77775 4.91742
142 2 Ti 13.6234 13.4685 3.53541
290 3 O 9.53804 9.51631 7.65243
143 2 Ti 8.17267 13.4647 3.55519
291 3 O 10.9321 11.5447 6.46216
146 2 Ti 10.8974 13.4629 6.27714
296 3 O 12.2573 9.47273 7.63858
149 2 Ti 13.6216 13.4669 9.00311
297 3 O 12.2547 9.72705 10.3755
150 2 Ti 8.17364 13.4638 9.02245
298 3 O 13.6062 11.539 8.82386
304 3 O 14.9836 9.75298 10.3719
305 3 O 9.53278 9.77264 10.3897
308 3 O 14.9809 13.5929 2.16824
309 3 O 9.53635 13.5706 2.18212
310 3 O 10.8629 15.3911 0.633671
314 3 O 12.2589 13.6128 2.1781
315 3 O 12.2587 13.355 4.91027
316 3 O 13.6414 15.3931 3.723
319 3 O 8.2105 15.3907 3.73859
323 3 O 14.9842 13.3313 4.90259
324 3 O 14.9851 13.5925 7.63499
326 3 O 9.53555 13.3115 4.92176
327 3 O 9.53215 13.571 7.65307
328 3 O 10.8641 15.3907 6.10293
333 3 O 12.2598 13.6121 7.63946
334 3 O 12.2597 13.3513 10.376
335 3 O 13.6406 15.3908 9.18866
338 3 O 8.21435 15.3905 9.20621
341 3 O 14.9835 13.3275 10.3743
343 3 O 9.5379 13.3089 10.3878
1 1 Sr 13.6227 15.3897 0.807709
2 1 Sr 8.17409 15.3894 0.825561
5 1 Sr 10.898 15.3885 3.54076
8 1 Sr 13.6213 15.3886 6.27241
9 1 Sr 8.17556 15.3906 6.29206
12 1 Sr 10.8989 15.389 9.00926
43 1 Sr 13.621 11.5424 0.797723
47 1 Sr 10.8977 11.5437 3.54681
50 1 Sr 13.6229 11.5426 6.26755
54 1 Sr 10.8982 11.5436 9.01553
125 2 Ti 10.897 9.6206 0.810682
128 2 Ti 13.6201 9.61457 3.53719
271 6 O 16.3452 11.5422 0.986181
288 6 O 16.3452 11.5422 6.45331
131 5 Ti 16.3452 9.62129 6.26744
138 5 Ti 16.3452 9.62129 0.800378
414 3 O 17.7107 9.49566 2.16839
145 5 Ti 16.3452 13.4631 6.26744
415 3 O 23.1522 9.51304 2.18398
152 5 Ti 16.3452 13.4631 0.800374
416 3 O 21.7601 11.5449 0.994828
173 2 Ti 21.793 9.62125 0.809004
175 2 Ti 19.0675 9.61684 3.53449
176 2 Ti 24.5176 9.6167 3.55567
178 2 Ti 21.7913 9.61966 6.27646
180 2 Ti 19.0697 9.61588 9.00279
181 2 Ti 24.5185 9.61687 9.02062
183 2 Ti 21.795 13.4628 0.811817
419 3 O 20.4335 9.473 2.1761
185 2 Ti 19.0687 13.4699 3.53592
420 3 O 20.4305 9.72912 4.91149
186 2 Ti 24.5164 13.4667 3.55616
421 3 O 19.086 11.5429 3.3616
188 2 Ti 21.7915 13.4629 6.27654
428 3 O 17.7054 9.7561 4.90326
190 2 Ti 19.0711 13.469 9.00539
429 3 O 17.7102 9.49835 7.63764
191 2 Ti 24.517 13.4646 9.02455
325 6 O 16.3452 15.3895 6.09018
430 3 O 23.1581 9.77276 4.91552
342 6 O 16.3452 15.3895 0.623162
431 3 O 23.1536 9.5167 7.65469
432 3 O 21.7559 11.5437 6.46421
436 3 O 20.433 9.46986 7.64561
437 3 O 20.4299 9.72895 10.377
438 3 O 19.088 11.545 8.82485
444 3 O 17.7067 9.75644 10.3677
445 3 O 23.1595 9.77571 10.3862
448 3 O 17.71 13.5897 2.16693
449 3 O 23.1548 13.5728 2.18576
450 3 O 21.8275 15.3872 0.634828
453 3 O 20.4288 13.6173 2.17147
454 3 O 20.4343 13.3543 4.91175
455 3 O 19.0512 15.3892 3.72117
458 3 O 24.4795 15.389 3.73522
462 3 O 17.7036 13.3299 4.90044
463 3 O 17.705 13.5919 7.63533
464 3 O 23.1595 13.3092 4.92017
465 3 O 23.1575 13.5694 7.65487
466 3 O 21.827 15.392 6.09788
470 3 O 20.433 13.6148 7.64162
471 3 O 20.4326 13.3564 10.3741
472 3 O 19.0533 15.3918 9.19167
475 3 O 24.4785 15.3861 9.20762
478 3 O 17.7055 13.3277 10.3704
479 3 O 23.1595 13.3063 10.388
4 4 Sr 16.3452 15.3895 3.52981
11 4 Sr 16.3452 15.3895 8.99688
46 4 Sr 16.3452 11.5422 3.53728
53 4 Sr 16.3452 11.5422 9.00436
57 1 Sr 19.069 15.3909 0.805931
58 1 Sr 24.5168 15.3909 0.827304
60 1 Sr 21.7947 15.3887 3.54013
62 1 Sr 19.0669 15.3906 6.27473
63 1 Sr 24.515 15.3886 6.2938
65 1 Sr 21.7945 15.3886 9.00904
87 1 Sr 19.0702 11.5408 0.79803
90 1 Sr 21.7925 11.5432 3.54777
92 1 Sr 19.0704 11.5419 6.26467
95 1 Sr 21.7933 11.5416 9.01469
413 3 O 31.3241 9.74324 10.4118
174 2 Ti 27.2418 9.61585 0.830718
177 2 Ti 29.9636 9.61969 3.57271
179 2 Ti 27.2428 9.61713 6.29848
182 2 Ti 29.9651 9.6224 9.04143
184 2 Ti 27.2399 13.4654 0.833874
187 2 Ti 29.9652 13.4613 3.57405
189 2 Ti 27.2397 13.466 6.29778
417 3 O 28.5989 9.5058 2.20228
192 2 Ti 29.9637 13.4628 9.043
418 3 O 27.2093 11.5438 1.01684
422 3 O 25.8781 9.46343 2.194
423 3 O 25.8808 9.71962 4.93211
424 3 O 24.5556 11.5418 3.37266
425 3 O 31.3273 9.47507 2.20704
426 3 O 31.3259 9.74401 4.94371
427 3 O 29.9841 11.5398 3.38789
433 3 O 28.604 9.77354 4.93401
434 3 O 28.5994 9.5103 7.66776
435 3 O 27.2042 11.5441 6.48478
439 3 O 25.8762 9.46235 7.66464
440 3 O 25.8781 9.72526 10.3976
441 3 O 24.5569 11.54 8.84482
442 3 O 31.3316 9.47721 7.67653
443 3 O 29.9865 11.54 8.85164
446 3 O 28.6013 9.76908 10.4048
447 3 O 31.3287 13.338 10.4113
451 3 O 28.6021 13.5799 2.20081
452 3 O 27.2787 15.393 0.646966
456 3 O 25.8791 13.6219 2.19843
457 3 O 25.8774 13.3597 4.9295
459 3 O 31.3297 13.604 2.2091
460 3 O 31.3239 13.3375 4.93976
461 3 O 29.9484 15.3859 3.75207
467 3 O 28.6014 13.3123 4.93412
468 3 O 28.6054 13.5747 7.66757
469 3 O 27.279 15.3896 6.11676
473 3 O 25.8799 13.6241 7.66246
474 3 O 25.8825 13.3642 10.3925
476 3 O 31.331 13.6028 7.67552
477 3 O 29.9435 15.3884 9.21935
480 3 O 28.6023 13.3138 10.4074
59 1 Sr 29.9665 15.3892 0.846065
61 1 Sr 27.2425 15.3905 3.56191
64 1 Sr 29.965 15.388 6.31297
66 1 Sr 27.2425 15.3893 9.03061
88 1 Sr 24.5173 11.5434 0.818557
89 1 Sr 29.967 11.5437 0.837994
91 1 Sr 27.2422 11.5437 3.57062
93 1 Sr 24.5179 11.5422 6.28699
94 1 Sr 29.9674 11.5429 6.30463
96 1 Sr 27.2407 11.5423 9.0391
ITEM: TIMESTEP
2
ITEM: NUMBER OF ATOMS
480
ITEM: BOX BOUNDS xy xz yz pp pp pp
3.4716978315116414e-03 3.2687009251568483e+01 0.0000000000000000e+00
1.6180785157946904e-03 1.5388330754410257e+01 0.0000000000000000e+00
1.1612552354728595e-03 1.0933543893364527e+01 -1.6321073948644244e-05
ITEM: ATOMS id type element x y z
260 3 O 6.81912 5.92627 7.6638
261 3 O 6.81884 5.66753 10.3888
263 3 O 1.35954 5.91532 7.66871
264 3 O 2.75141 7.69328 9.22416
268 3 O 4.08799 5.62128 10.4077
193 3 O 1.36459 2.05372 10.404
198 3 O 4.08952 1.81349 2.20724
199 3 O 5.48422 3.85376 1.00905
200 6 O 0.0034717 3.84827 1.02499
204 3 O 6.81535 1.76566 2.19473
205 3 O 6.8085 2.03181 4.93395
206 3 O 8.13288 3.84571 3.36838
207 3 O 1.36368 1.7779 2.21526
208 3 O 1.35929 2.05272 4.94471
209 3 O 2.70733 3.84796 3.37927
216 3 O 4.09294 2.07348 4.93688
217 3 O 4.08433 1.80854 7.66986
218 3 O 5.49204 3.84522 6.48022
219 6 O 0.0034717 3.84827 6.49124
223 3 O 6.81503 1.77049 7.66841
224 3 O 6.81862 2.03311 10.3992
225 3 O 8.13174 3.85222 8.83812
226 3 O 1.35817 1.78275 7.67574
227 3 O 2.70127 3.85157 8.84653
230 3 O 4.08735 2.07346 10.4008
231 3 O 1.36642 5.65314 10.4086
235 3 O 4.09696 5.88261 2.20558
236 3 O 5.41052 7.69095 0.647684
237 6 O 0.0034717 7.69495 0.653683
241 3 O 6.81539 5.93063 2.19286
242 3 O 6.80739 5.67392 4.93586
244 3 O 1.35722 5.9064 2.20405
245 3 O 1.36008 5.6497 4.94208
246 3 O 2.74208 7.69471 3.75756
253 3 O 4.08602 5.62447 4.93083
254 3 O 4.08886 5.87623 7.66781
255 3 O 5.4105 7.69558 6.11607
256 6 O 0.0034717 7.69495 6.11982
16 1 Sr 8.17306 3.85013 0.821459
17 1 Sr 2.7288 3.84956 0.835468
20 1 Sr 5.44968 3.85037 3.57319
21 4 Sr 0.0034717 3.84828 3.58151
23 1 Sr 8.1724 3.84716 6.28399
24 1 Sr 2.72495 3.8474 6.30642
27 1 Sr 5.45364 3.8483 9.0382
28 4 Sr 0.0034717 3.84825 9.04775
31 1 Sr 2.72702 7.69537 0.844176
34 1 Sr 5.44871 7.69552 3.56352
35 4 Sr 0.0034717 7.69495 3.57351
38 1 Sr 2.72864 7.69647 6.30971
41 1 Sr 5.44748 7.69432 9.0287
42 4 Sr 0.0034717 7.69495 9.03973
98 2 Ti 5.45247 1.91918 0.830692
99 5 Ti 0.0034717 1.92186 0.843675
102 2 Ti 2.72589 1.92718 3.57133
105 2 Ti 5.4499 1.92134 6.29778
106 5 Ti 0.0034717 1.92187 6.30988
109 2 Ti 2.72546 1.92696 9.04271
112 2 Ti 5.45092 5.76862 0.831416
113 5 Ti 0.0034717 5.77467 0.843677
116 2 Ti 2.72788 5.77288 3.57329
119 2 Ti 5.45521 5.7694 6.29966
120 5 Ti 0.0034717 5.77466 6.30989
123 2 Ti 2.7302 5.76815 9.03776
257 3 O 12.2634 5.92697 7.64653
258 3 O 12.2591 5.65786 10.3684
259 3 O 13.638 7.69508 9.18773
262 3 O 8.21206 7.69732 9.20315
265 3 O 14.9797 5.63047 10.3686
267 3 O 9.53679 5.61081 10.3855
194 3 O 14.9893 1.79898 2.17336
196 3 O 9.53549 1.82797 2.19146
197 3 O 10.9331 3.84882 0.996627
201 3 O 12.2665 1.78287 2.17168
202 3 O 12.2587 2.03726 4.90994
203 3 O 13.6065 3.85207 3.36638
210 3 O 14.9796 2.06476 4.91097
211 3 O 14.9811 1.8022 7.63224
213 3 O 9.53017 2.07819 4.91759
214 3 O 9.5299 1.82454 7.64953
215 3 O 10.9262 3.84825 6.46264
220 3 O 12.2583 1.77624 7.64656
221 3 O 12.2575 2.03594 10.3707
222 3 O 13.5985 3.85005 8.81917
228 3 O 14.989 2.05924 10.37
229 3 O 9.53584 2.0739 10.3866
232 3 O 14.977 5.90112 2.17307
233 3 O 9.53324 5.86916 2.18242
234 3 O 10.8626 7.69554 0.629706
238 3 O 12.2592 5.91852 2.17333
239 3 O 12.2655 5.66445 4.9102
240 3 O 13.6442 7.6949 3.72
243 3 O 8.2076 7.70031 3.73281
247 3 O 14.982 5.62873 4.9103
248 3 O 14.9763 5.88792 7.64185
250 3 O 9.54274 5.61643 4.92189
251 3 O 9.53722 5.88166 7.64775
252 3 O 10.8684 7.68745 6.10439
15 1 Sr 13.6197 3.84712 0.800401
19 1 Sr 10.9011 3.85078 3.55151
22 1 Sr 13.6236 3.84616 6.26824
26 1 Sr 10.8978 3.84569 9.01695
29 1 Sr 13.6223 7.69751 0.806267
30 1 Sr 8.17457 7.69271 0.828178
33 1 Sr 10.8964 7.69596 3.5388
36 1 Sr 13.6217 7.69623 6.27079
37 1 Sr 8.17352 7.69689 6.29185
40 1 Sr 10.896 7.69652 9.00679
97 2 Ti 10.8999 1.92766 0.809723
100 2 Ti 13.6253 1.92202 3.53637
101 2 Ti 8.17182 1.92857 3.55188
104 2 Ti 10.8951 1.92672 6.28233
107 2 Ti 13.6196 1.91859 9.00504
108 2 Ti 8.17332 1.92453 9.01961
111 2 Ti 10.902 5.76567 0.80871
114 2 Ti 13.6225 5.77519 3.54075
115 2 Ti 8.17344 5.77113 3.55723
118 2 Ti 10.8979 5.77418 6.27757
121 2 Ti 13.6261 5.77185 9.00246
122 2 Ti 8.17116 5.77459 9.0252
266 6 O 16.3452 7.69492 0.623913
153 2 Ti 21.7942 1.92923 0.811387
155 2 Ti 19.066 1.91925 3.53584
385 3 O 20.4251 5.91387 2.17524
156 2 Ti 24.5139 1.92534 3.55588
386 3 O 20.4384 5.66486 4.91116
158 2 Ti 21.7886 1.9301 6.28163
387 3 O 19.0547 7.69663 3.71662
160 2 Ti 19.0656 1.92015 9.00522
390 3 O 24.4829 7.69825 3.73519
394 3 O 17.7018 5.63756 4.91115
395 3 O 17.7074 5.896 7.64165
396 3 O 23.1607 5.61998 4.92006
397 3 O 23.1532 5.87478 7.64498
398 3 O 21.8187 7.69103 6.09897
161 2 Ti 24.518 1.9277 9.02059
402 3 O 20.4335 5.9216 7.64254
163 2 Ti 21.7959 5.76551 0.814917
403 3 O 20.4365 5.65769 10.3723
165 2 Ti 19.0708 5.77695 3.53944
404 3 O 19.0558 7.70161 9.18476
166 2 Ti 24.5145 5.76794 3.55407
407 3 O 24.4732 7.69856 9.20721
168 2 Ti 21.7943 5.76962 6.28208
410 3 O 17.7054 5.64003 10.3707
170 2 Ti 19.0669 5.77737 9.00641
411 3 O 23.1535 5.62199 10.3884
171 2 Ti 24.5194 5.768 9.02267
346 3 O 17.7012 1.80443 2.16364
195 6 O 16.3452 3.84825 0.986915
347 3 O 23.155 1.81865 2.1836
212 6 O 16.3452 3.84823 6.45313
348 3 O 21.7547 3.8468 0.994572
351 3 O 20.4233 1.77757 2.17086
352 3 O 20.4308 2.03392 4.91465
353 3 O 19.0832 3.85295 3.36144
360 3 O 17.7057 2.05618 4.89936
361 3 O 17.7054 1.79611 7.63247
362 3 O 23.1503 2.08272 4.92392
363 3 O 23.1468 1.81947 7.65244
364 3 O 21.758 3.84434 6.45968
249 6 O 16.3452 7.69492 6.09008
368 3 O 20.4229 1.7802 7.64458
369 3 O 20.4328 2.03656 10.3796
370 3 O 19.0933 3.85161 8.82556
376 3 O 17.7071 2.05725 10.369
377 3 O 23.1476 2.08744 10.3842
380 3 O 17.7049 5.89386 2.16739
381 3 O 23.1589 5.86941 2.18369
382 3 O 21.8283 7.70206 0.625958
18 4 Sr 16.3452 3.84822 3.5376
25 4 Sr 16.3452 3.84822 9.00379
32 4 Sr 16.3452 7.69493 3.53012
39 4 Sr 16.3452 7.69492 8.99631
67 1 Sr 19.0688 3.84657 0.797816
70 1 Sr 21.789 3.85054 3.54784
72 1 Sr 19.0692 3.84936 6.26867
75 1 Sr 21.7886 3.84703 9.01565
77 1 Sr 19.0672 7.69525 0.805621
78 1 Sr 24.5154 7.69755 0.828963
80 1 Sr 21.7903 7.69317 3.53817
82 1 Sr 19.065 7.69495 6.2736
83 1 Sr 24.5148 7.694 6.29347
85 1 Sr 21.7937 7.69591 9.00836
103 5 Ti 16.3452 1.92763 6.26732
110 5 Ti 16.3452 1.92764 0.801121
117 5 Ti 16.3452 5.76885 6.26731
124 5 Ti 16.3452 5.76885 0.801116
154 2 Ti 27.2438 1.92599 0.833546
157 2 Ti 29.9645 1.92492 3.57751
388 3 O 25.8723 5.92992 2.19028
159 2 Ti 27.2422 1.92144 6.29622
389 3 O 25.8798 5.66309 4.92703
391 3 O 31.3304 5.91107 2.21438
392 3 O 31.3274 5.64108 4.94191
393 3 O 29.9419 7.69063 3.75595
399 3 O 28.6055 5.62344 4.93923
400 3 O 28.6029 5.87741 7.67283
401 3 O 27.2801 7.69614 6.11881
405 3 O 25.8796 5.93187 7.65521
162 2 Ti 29.9667 1.92618 9.04111
406 3 O 25.8724 5.67414 10.4001
164 2 Ti 27.2362 5.77145 0.836705
408 3 O 31.3237 5.91231 7.68042
167 2 Ti 29.9602 5.76793 3.57176
409 3 O 29.9461 7.68834 9.22125
169 2 Ti 27.2431 5.76891 6.29692
412 3 O 28.6042 5.62023 10.4057
172 2 Ti 29.9675 5.77049 9.04332
345 3 O 31.3293 2.05671 10.4108
349 3 O 28.6014 1.81221 2.2066
350 3 O 27.2048 3.84697 1.02036
354 3 O 25.8762 1.76454 2.20072
355 3 O 25.8723 2.0304 4.93308
356 3 O 24.5551 3.8514 3.36933
357 3 O 31.3253 1.78127 2.21374
358 3 O 31.3263 2.05198 4.93757
359 3 O 29.9785 3.84302 3.39255
365 3 O 28.5994 2.07452 4.93068
366 3 O 28.6063 1.80902 7.66678
367 3 O 27.2047 3.84958 6.48651
371 3 O 25.8722 1.76439 7.66026
372 3 O 25.8786 2.02313 10.4007
373 3 O 24.5602 3.85248 8.83415
374 3 O 31.3265 1.78176 7.6807
375 3 O 29.9893 3.84265 8.85426
378 3 O 28.598 2.07853 10.4055
379 3 O 31.319 5.64534 10.409
383 3 O 28.5958 5.88988 2.20372
384 3 O 27.2793 7.69357 0.642326
68 1 Sr 24.5183 3.84569 0.82086
69 1 Sr 29.9656 3.84521 0.839624
71 1 Sr 27.2381 3.84622 3.57116
73 1 Sr 24.5159 3.84564 6.28492
74 1 Sr 29.9622 3.84513 6.30692
76 1 Sr 27.2381 3.85067 9.03497
79 1 Sr 29.9656 7.69492 0.845971
81 1 Sr 27.2437 7.69419 3.56126
84 1 Sr 29.9632 7.69573 6.30944
86 1 Sr 27.2392 7.69698 9.03143
269 3 O 1.37231 9.73855 10.4105
274 3 O 4.08473 9.50921 2.20559
275 3 O 5.48881 11.5387 1.01535
276 6 O 0.0034717 11.5416 1.02502
280 3 O 6.80594 9.46873 2.19565
281 3 O 6.8124 9.72801 4.92591
130 2 Ti 2.72385 9.61883 3.57727
282 3 O 8.1287 11.5454 3.37537
133 2 Ti 5.44969 9.61802 6.2978
283 3 O 1.37103 9.4785 2.211
134 5 Ti 0.0034717 9.6152 6.30988
284 3 O 1.36641 9.73928 4.93777
137 2 Ti 2.72982 9.62403 9.04374
285 3 O 2.70588 11.5359 3.38539
140 2 Ti 5.45061 13.4693 0.831695
292 3 O 4.08308 9.77525 4.93484
141 5 Ti 0.0034717 13.468 0.84368
293 3 O 4.08587 9.50195 7.67607
144 2 Ti 2.72574 13.4593 3.57154
294 3 O 5.48965 11.5364 6.47613
147 2 Ti 5.45279 13.4647 6.30245
295 6 O 0.0034717 11.5416 6.4912
148 5 Ti 0.0034717 13.468 6.30987
299 3 O 6.81646 9.45528 7.66762
151 2 Ti 2.72485 13.4643 9.03959
300 3 O 6.80729 9.71875 10.3976
301 3 O 8.12973 11.5358 8.8389
302 3 O 1.35964 9.48245 7.66824
303 3 O 2.70663 11.5422 8.84735
306 3 O 4.09427 9.77109 10.4068
307 3 O 1.36659 13.3443 10.406
311 3 O 4.09045 13.5811 2.19986
312 3 O 5.41058 15.3935 0.651836
313 6 O 0.0034717 15.3883 0.653654
317 3 O 6.81416 13.6221 2.20025
318 3 O 6.81919 13.3543 4.92525
320 3 O 1.36808 13.6044 2.21555
321 3 O 1.3708 13.3332 4.94506
322 3 O 2.74785 15.392 3.75352
329 3 O 4.08545 13.3205 4.93411
330 3 O 4.09414 13.5839 7.67493
331 3 O 5.41542 15.3839 6.11363
332 6 O 0.0034717 15.3883 6.11984
336 3 O 6.8054 13.6155 7.65733
337 3 O 6.80655 13.3636 10.3908
339 3 O 1.36621 13.6033 7.67061
340 3 O 2.75387 15.384 9.21564
344 3 O 4.0941 13.3166 10.411
3 1 Sr 2.72743 15.3909 0.845623
6 1 Sr 5.45098 15.3864 3.56114
7 4 Sr 0.0034717 15.3883 3.57352
10 1 Sr 2.72957 15.3899 6.30932
13 1 Sr 5.44815 15.3853 9.02685
14 4 Sr 0.0034717 15.3883 9.0397
44 1 Sr 8.1743 11.539 0.819446
45 1 Sr 2.7242 11.5439 0.841031
48 1 Sr 5.44984 11.5411 3.57379
49 4 Sr 0.0034717 11.5416 3.58153
51 1 Sr 8.17332 11.5447 6.28665
52 1 Sr 2.72413 11.5442 6.30262
55 1 Sr 5.45431 11.5443 9.04009
56 4 Sr 0.0034717 11.5416 9.04769
126 2 Ti 5.45417 9.62038 0.835224
127 5 Ti 0.0034717 9.61522 0.843683
270 3 O 14.977 9.49098 2.16464
272 3 O 9.53283 9.5153 2.1847
273 3 O 10.9262 11.5343 0.988976
277 3 O 12.2561 9.46218 2.17141
278 3 O 12.2622 9.73074 4.91048
279 3 O 13.6 11.5475 3.36376
129 2 Ti 8.17337 9.61613 3.55283
286 3 O 14.9877 9.75169 4.90307
132 2 Ti 10.9006 9.62183 6.27929
287 3 O 14.9897 9.49695 7.63399
135 2 Ti 13.6204 9.61809 8.99945
136 2 Ti 8.17454 9.61557 9.02338
139 2 Ti 10.9001 13.461 0.808019
289 3 O 9.53591 9.78011 4.91588
142 2 Ti 13.6258 13.4679 3.53456
290 3 O 9.54169 9.51788 7.65251
143 2 Ti 8.17331 13.4625 3.55508
291 3 O 10.9338 11.5466 6.46188
146 2 Ti 10.8984 13.4608 6.27606
296 3 O 12.2551 9.47505 7.63466
149 2 Ti 13.6223 13.4646 9.00201
297 3 O 12.2519 9.72386 10.3749
150 2 Ti 8.17524 13.4608 9.02166
298 3 O 13.609 11.5352 8.82107
304 3 O 14.9836 9.75035 10.3718
305 3 O 9.53182 9.76987 10.3924
308 3 O 14.9794 13.5953 2.16657
309 3 O 9.53828 13.5703 2.17977
310 3 O 10.8619 15.3914 0.635858
314 3 O 12.2582 13.6104 2.1816
315 3 O 12.2598 13.3546 4.91242
316 3 O 13.6427 15.3954 3.72447
319 3 O 8.20949 15.3907 3.73938
323 3 O 14.9847 13.3326 4.90122
324 3 O 14.9878 13.5944 7.63215
326 3 O 9.53739 13.3127 4.92448
327 3 O 9.5299 13.5713 7.65373
328 3 O 10.8641 15.3906 6.10642
333 3 O 12.2601 13.6091 7.63649
334 3 O 12.262 13.3472 10.3759
335 3 O 13.6412 15.3908 9.18792
338 3 O 8.21717 15.3902 9.20667
341 3 O 14.9832 13.3249 10.3767
343 3 O 9.54206 13.3075 10.3887
1 1 Sr 13.6235 15.3887 0.809598
2 1 Sr 8.17507 15.388 0.825907
5 1 Sr 10.8994 15.3864 3.54101
8 1 Sr 13.6208 15.3864 6.27107
9 1 Sr 8.17801 15.3905 6.29095
12 1 Sr 10.9011 15.3874 9.01008
43 1 Sr 13.6211 11.5419 0.797099
47 1 Sr 10.8977 11.5445 3.54582
50 1 Sr 13.625 11.5425 6.26881
54 1 Sr 10.8986 11.5443 9.01533
125 2 Ti 10.8976 9.6207 0.81108
128 2 Ti 13.6192 9.61274 3.53811
271 6 O 16.3452 11.5416 0.986893
288 6 O 16.3452 11.5416 6.45315
131 5 Ti 16.3452 9.62098 6.26731
138 5 Ti 16.3452 9.62098 0.80112
414 3 O 17.7133 9.49618 2.16684
145 5 Ti 16.3452 13.4622 6.26732
415 3 O 23.1483 9.51131 2.18356
152 5 Ti 16.3452 13.4622 0.801116
416 3 O 21.7601 11.547 0.995088
173 2 Ti 21.792 9.62201 0.807725
175 2 Ti 19.0654 9.61728 3.53272
176 2 Ti 24.5168 9.61468 3.55604
178 2 Ti 21.7885 9.61885 6.2747
180 2 Ti 19.0698 9.61537 9.00138
181 2 Ti 24.5186 9.61503 9.01801
183 2 Ti 21.7959 13.4604 0.813347
419 3 O 20.436 9.47563 2.17763
185 2 Ti 19.0678 13.4706 3.53556
420 3 O 20.4281 9.72801 4.91484
186 2 Ti 24.5144 13.4664 3.55703
421 3 O 19.0847 11.543 3.36449
188 2 Ti 21.789 13.4606 6.27487
428 3 O 17.7039 9.75651 4.90254
190 2 Ti 19.0727 13.4688 9.00658
429 3 O 17.7123 9.5016 7.6374
191 2 Ti 24.5155 13.4623 9.02586
325 6 O 16.3452 15.3883 6.09008
430 3 O 23.1593 9.77015 4.91212
342 6 O 16.3452 15.3883 0.623933
431 3 O 23.1512 9.51865 7.65698
432 3 O 21.7518 11.5445 6.46594
436 3 O 20.4352 9.4693 7.64867
437 3 O 20.4268 9.72766 10.3781
438 3 O 19.0888 11.5473 8.82304
444 3 O 17.7065 9.75724 10.3636
445 3 O 23.1623 9.77602 10.3854
448 3 O 17.7119 13.589 2.16396
449 3 O 23.1536 13.5748 2.18704
450 3 O 21.8285 15.3838 0.638163
453 3 O 20.4267 13.6194 2.16841
454 3 O 20.4356 13.3533 4.91534
455 3 O 19.052 15.3877 3.72082
458 3 O 24.48 15.3874 3.73265
462 3 O 17.7004 13.33 4.89691
463 3 O 17.7019 13.5933 7.63282
464 3 O 23.1621 13.3081 4.92134
465 3 O 23.1588 13.5679 7.6573
466 3 O 21.8276 15.3932 6.09634
470 3 O 20.435 13.6145 7.64076
471 3 O 20.4323 13.3574 10.3721
472 3 O 19.0562 15.393 9.19392
475 3 O 24.4781 15.3815 9.20951
478 3 O 17.7042 13.3255 10.3689
479 3 O 23.1622 13.3025 10.3891
4 4 Sr 16.3452 15.3883 3.53011
11 4 Sr 16.3452 15.3883 8.99632
46 4 Sr 16.3452 11.5416 3.53759
53 4 Sr 16.3452 11.5416 9.0038
57 1 Sr 19.0695 15.3912 0.806041
58 1 Sr 24.5162 15.3911 0.82939
60 1 Sr 21.7955 15.3867 3.53976
62 1 Sr 19.0652 15.3905 6.27571
63 1 Sr 24.5125 15.3865 6.29445
65 1 Sr 21.7951 15.3865 9.00965
87 1 Sr 19.0707 11.5388 0.797711
90 1 Sr 21.7922 11.5435 3.54772
92 1 Sr 19.0711 11.541 6.26306
95 1 Sr 21.7939 11.5403 9.01366
413 3 O 31.3193 9.7422 10.4142
174 2 Ti 27.2406 9.6141 0.829439
177 2 Ti 29.9597 9.61805 3.57183
179 2 Ti 27.2426 9.61666 6.29702
182 2 Ti 29.9626 9.62346 9.04129
184 2 Ti 27.2369 13.4628 0.835753
187 2 Ti 29.9629 13.4583 3.5745
189 2 Ti 27.2364 13.464 6.29562
417 3 O 28.5937 9.50468 2.20112
192 2 Ti 29.9598 13.4613 9.04445
418 3 O 27.21 11.5447 1.02017
422 3 O 25.875 9.46496 2.19316
423 3 O 25.8812 9.71633 4.93554
424 3 O 24.554 11.5409 3.37117
425 3 O 31.3237 9.47185 2.20694
426 3 O 31.3229 9.74368 4.94605
427 3 O 29.9799 11.5368 3.39051
433 3 O 28.6015 9.7765 4.93074
434 3 O 28.5947 9.51368 7.66416
435 3 O 27.1998 11.5453 6.48813
439 3 O 25.8712 9.46282 7.66646
440 3 O 25.8759 9.72757 10.3987
441 3 O 24.5567 11.5373 8.84757
442 3 O 31.3323 9.47614 7.67802
443 3 O 29.9846 11.5372 8.85013
446 3 O 28.5962 9.7676 10.4044
447 3 O 31.3285 13.3347 10.4134
451 3 O 28.6 13.5811 2.19819
452 3 O 27.28 15.3951 0.646438
456 3 O 25.877 13.6201 2.20198
457 3 O 25.8745 13.3568 4.93035
459 3 O 31.3287 13.6005 2.21104
460 3 O 31.3189 13.3338 4.93822
461 3 O 29.9498 15.3811 3.74938
467 3 O 28.5963 13.3095 4.93098
468 3 O 28.6066 13.5707 7.66376
469 3 O 27.2805 15.3885 6.11805
473 3 O 25.8785 13.6245 7.66214
474 3 O 25.8845 13.3658 10.3885
476 3 O 31.3311 13.5983 7.67602
477 3 O 29.9399 15.3861 9.21603
480 3 O 28.5982 13.3125 10.4095
59 1 Sr 29.9656 15.3877 0.847917
61 1 Sr 27.2405 15.3903 3.56136
64 1 Sr 29.9626 15.3853 6.31377
66 1 Sr 27.2406 15.388 9.03083
88 1 Sr 24.515 11.544 0.819176
89 1 Sr 29.9652 11.5446 0.839355
91 1 Sr 27.2418 11.5446 3.57066
93 1 Sr 24.5162 11.5415 6.28814
94 1 Sr 29.966 11.543 6.3047
96 1 Sr 27.2389 11.5419 9.03969
